Build started 2014-05-06 21:41:28.
     1>Project "D:\PWr\sem 4\C++\Lepecki_8\Lepecki_8\Lepecki_8.vcxproj" on node 2 (Build target(s)).
     1>ClCompile:
         D:\Pliki programów (x86)\Microsoft Visual Studio 12.0\VC\bin\CL.exe /c /ZI /nologo /W3 /WX- /sdl /Od /Oy- /D WIN32 /D _DEBUG /D _CONSOLE /D _UNICODE /D UNICODE /Gm /EHsc /RTC1 /MDd /GS /fp:precise /Zc:wchar_t /Zc:forScope /Fo"Debug\\" /Fd"Debug\vc120.pdb" /Gd /TP /analyze- /errorReport:prompt Sched.cpp main.cpp
         Sched.cpp
     1>d:\pwr\sem 4\c++\lepecki_8\lepecki_8\sched.cpp(30): warning C4244: "argument" : konwersja z "float" do "DWORD", możliwa utrata danych
         Generowanie kodu...
         Trwa kompilowanie...
         main.cpp
         Generowanie kodu...
       Link:
         D:\Pliki programów (x86)\Microsoft Visual Studio 12.0\VC\bin\link.exe /ERRORREPORT:PROMPT /OUT:"D:\PWr\sem 4\C++\Lepecki_8\Debug\Lepecki_8.exe" /INCREMENTAL /NOLOGO kernel32.lib user32.lib gdi32.lib winspool.lib comdlg32.lib advapi32.lib shell32.lib ole32.lib oleaut32.lib uuid.lib odbc32.lib odbccp32.lib /MANIFEST /MANIFESTUAC:"level='asInvoker' uiAccess='false'" /manifest:embed /DEBUG /PDB:"D:\PWr\sem 4\C++\Lepecki_8\Debug\Lepecki_8.pdb" /SUBSYSTEM:CONSOLE /TLBID:1 /DYNAMICBASE /NXCOMPAT /IMPLIB:"D:\PWr\sem 4\C++\Lepecki_8\Debug\Lepecki_8.lib" /MACHINE:X86 Debug\Klimatyzator.obj
         Debug\main.obj
         Debug\Sched.obj
         Debug\Sterownik.obj
         Debug\Termometr.obj
         Debug\WirtualnyPokoj.obj
         Lepecki_8.vcxproj -> D:\PWr\sem 4\C++\Lepecki_8\Debug\Lepecki_8.exe
     1>Done Building Project "D:\PWr\sem 4\C++\Lepecki_8\Lepecki_8\Lepecki_8.vcxproj" (Build target(s)).

Build succeeded.

Time Elapsed 00:00:03.44
